<?xml version="1.0" encoding="UTF-8"?>
<!-- Generated by org.testng.reporters.JUnitReportReporter -->
<testsuite skipped="0" hostname="SVRODK00184" name="runner.TestRunner" tests="3" failures="0" timestamp="25 Jan 2019 12:40:30 GMT" time="2.952" errors="0">
  <testcase name="feature" time="0.517" classname="runner.TestRunner"/>
  <testcase name="feature" time="1.918" classname="runner.TestRunner"/>
  <testcase name="feature" time="0.517" classname="runner.TestRunner"/>
</testsuite> <!-- runner.TestRunner -->
